
ROM used:   418/2048 (20%)
            418/2048 (20%) including unused fragments

            0.7 Average locations per line
            15.5 Average locations per statement

RAM used:   33/223 (15%) at main() level
            42/223 (19%) worst case

Stack used: 1 worst case (1 in main + 0 for interrupts)
Stack size: 7

Lines Stmts  %   Files
----- ----- ---  -----
   88    27 100  rafaelalevato.c
  521     0   0  C:\Program Files (x86)\PICC\devices\16F628A.h
----- -----
  609    27 Total

Page ROM  %  RAM    Vol Diff  Functions:
---- --- --- ---    --- ----  ----------
0     21   5    1             @delay_ms1
0    157  38   26    936  8.9  main
0     46  11    6             @MULS1616
0    158  38    6    218  4.7  rotatePortB
0     32   8    6             @WRITEBITA
 Inline         6             @DIVS1616
 Inline         0             @cinit1

Program metrics:
    Functions               2
    Statements              27
    Comments                132
    Volume (V)              1317
    Difficulty (D)          12.9
    Effort to implement (E) 16927
    Time to implement (T)   16 minutes
    Est Delivered Bugs (B)  0
    Cyclomatic Complexity   7
    Maintainability (MI)    95

 Segment     Used  Free
-----------  ----  ----
00000-00003     4  0  
00004-007FF   414  1630  



