MPASM  5.41                 RAFAELALEVATO.ASM   8-28-2017  18:31:36         PAGE  1


LOC  OBJECT CODE     LINE SOURCE TEXT
  VALUE

                      00001 ;--------------------------------------------------------------------------------
                      00002 ;Disciplina de projeto nivel 1 em area basica
                      00003 ;Professor Hari Mohr
                      00004 ;Tarefa 1 - 2017-2
                      00005 ;Nome: Rafael Pintar Alevato
                      00006 ;
                      00007 ;Fazer um programa que rotacione um led aceso na porta b do kit.
                      00008 ;Enquanto a chave 1 estiver pressionada ele deve inverter o sentido de rotaçao.
                      00009 ;A chave 2 deve aumentar a velocidade de rotaçao.
                      00010 ;A chave 3 deve diminuir a velocidade de rotaçao.
                      00011 ;A chave 4 alterna o sentido de deslocamento a cada vez que for pressionada;
                      00012 ;--------------------------------------------------------------------------------
                      00013 
                      00014 
                      00015 ;-------------------------------- Rotaciona Led ---------------------------------
                      00016 
0000                  00017         ORG             00                                      ;Origem na memória do programa
0000   2801           00018         GOTO    INITCONFIG                      ;Desvio para começo do programa
                      00019         RADIX   DEC                             ;Todos os números serão considerados decimais se não dit
                            o nada
                      00020         INCLUDE "p16f628a.inc"          ;Carrega definições do 16f628a
                      00001         LIST
                      00002 
                      00003 ;==========================================================================
                      00004 ;  MPASM PIC16F628A processor include
                      00005 ; 
                      00006 ;  (c) Copyright 1999-2011 Microchip Technology, All rights reserved
                      00007 ;==========================================================================
                      00008 
                      00369         LIST
                      00021 
                      00022 
                      00023 ;----------------------------- Bits de Configuração -----------------------------
2007   3F61           00024  __CONFIG _CP_OFF &_PWRTE_ON &_WDT_OFF &_LVP_OFF &DATA_CP_OFF &_MCLRE_ON &_XT_OSC
                      00025 ;-------------------------------------------------------------------------------- 
                      00026 
                      00027 
                      00028 ;-------------------------- Declaração de Equivalentes --------------------------
  00000070            00029 DELAY1          EQU             0x70    ;Para uso no delay
  00000071            00030 DELAY2          EQU             0x71    ;Para uso no delay
  00000072            00031 DELAY3          EQU             0x72    ;Para uso no delay
  00000073            00032 SPEED           EQU     0x73    ;Para uso da velocidade
  00000074            00033 DIRECTION       EQU     0x74    ;Para uso da direção de rotação
                      00034 
                      00035 
                      00036 #DEFINE         KEY1    PORTA,1         ;0 --> Pressionado      ;1 --> Liberado
                      00037 #DEFINE         KEY2    PORTA,2         ;0 --> Pressionado      ;1 --> Liberado
                      00038 #DEFINE         KEY3    PORTA,3         ;0 --> Pressionado      ;1 --> Liberado
                      00039 #DEFINE         KEY4    PORTA,4         ;0 --> Pressionado      ;1 --> Liberado
                      00040 ;--------------------------------------------------------------------------------
                      00041 
                      00042 
                      00043 ;------------------------------------ Macros ------------------------------------
MPASM  5.41                 RAFAELALEVATO.ASM   8-28-2017  18:31:36         PAGE  2


LOC  OBJECT CODE     LINE SOURCE TEXT
  VALUE

                      00044 ;Definição de comandos de usuário para alteração da página de memória
                      00045 BANK0 MACRO                     ;Macro para acessar o banco 0 de registradores
                      00046         BCF     STATUS,RP0
                      00047         BCF     STATUS,RP1
                      00048         ENDM
                      00049 
                      00050 BANK1 MACRO                     ;Macro para acessar o banco 1 de registradores
                      00051         BSF     STATUS,RP0
                      00052         BCF     STATUS,RP1
                      00053         ENDM
                      00054 
                      00055 BANK2 MACRO                     ;Macro para acessar o banco 2 de registradores
                      00056         BCF     STATUS,RP0
                      00057         BSF     STATUS,RP1
                      00058         ENDM
                      00059 
                      00060 BANK3 MACRO                     ;Macro para acessar o banco 3 de registradores
                      00061         BSF     STATUS,RP0
                      00062         BSF     STATUS,RP1
                      00063         ENDM
                      00064 ;--------------------------------------------------------------------------------
                      00065 
                      00066 
                      00067 ;----------------------------- Configuração Inicial -----------------------------
                      00068 INITCONFIG      BANK1                                   ;Usando banco 1
0001   1683               M         BSF     STATUS,RP0
0002   1303               M         BCF     STATUS,RP1
Message[302]: Register in operand not in bank 0.  Ensure that bank bits are correct.
0003   0186           00069                         CLRF    TRISB                   ;Define todas as portas de portb como saída
0004   30FF           00070                         MOVLW   B'11111111'
Message[302]: Register in operand not in bank 0.  Ensure that bank bits are correct.
0005   0085           00071                         MOVWF   TRISA                   ;Define todas as portas de portb como entrada
0006   3080           00072                         MOVLW   B'10000000' 
Message[302]: Register in operand not in bank 0.  Ensure that bank bits are correct.
0007   0081           00073                         MOVWF   OPTION_REG              ;Habilitado portb pull-up enable bit
0008   3000           00074                         MOVLW   B'00000000' 
0009   008B           00075                         MOVWF   INTCON                  ;Desabilitado todas as interrupções
                      00076                         BANK0                                   ;Usando banco 0
000A   1283               M         BCF     STATUS,RP0
000B   1303               M         BCF     STATUS,RP1
                      00077 ;--------------------------------------------------------------------------------
                      00078 
                      00079 ;------------------------------ Programa Principal ------------------------------
000C   3001           00080                         MOVLW   B'00000001'
000D   0086           00081                         MOVWF   PORTB                   ;Liga 1 LED
000E   3014           00082                         MOVLW   20
000F   00F3           00083                         MOVWF   SPEED                   ;Seta velocidade inicial 20
0010   01F4           00084                         CLRF    DIRECTION
                      00085 
0011   1E05           00086 LOOP            BTFSS   KEY4                    ;Testa se botão 4 pressionado
0012   2843           00087                         GOTO    KEY4PRESS
                      00088                         
0013   1C74           00089 IFROT           BTFSS   DIRECTION,0             ;Testa a direção padrão de rotação
MPASM  5.41                 RAFAELALEVATO.ASM   8-28-2017  18:31:36         PAGE  3


LOC  OBJECT CODE     LINE SOURCE TEXT
  VALUE

0014   2816           00090                         GOTO    STDLEFT                 ;Se direction = 0
0015   2819           00091                         GOTO    STDRIGHT                ;Se direction = 1
                      00092 
0016   1C85           00093 STDLEFT         BTFSS   KEY1                    ;Testa se botão 1 pressionado
0017   2834           00094                         GOTO    ROTATER                 ;Se sim, rotaciona direita
0018   282F           00095                         GOTO    ROTATEL                 ;Se não, rotaciona esquerda
                      00096 
0019   1C85           00097 STDRIGHT        BTFSS   KEY1                    ;Testa se botão 1 pressionado
001A   282F           00098                         GOTO    ROTATEL                 ;Se sim, rotaciona esquerda
001B   2834           00099                         GOTO    ROTATER                 ;Se não, rotaciona direita
                      00100 
001C   1D05           00101 IFSPD1          BTFSS   KEY2                    ;Testa se botão 2 pressionado
001D   2839           00102                         GOTO    DECSPD                  ;Se sim, decrementa velocidade
                      00103 
001E   1D85           00104 IFSPD2          BTFSS   KEY3                    ;Se não, teste se botão 3 pressionado
001F   283E           00105                         GOTO    INCSPD                  ;Se sim, incrementa velocidade
                      00106 
0020   0873           00107 SETSPD          MOVF    SPEED,W                 ;Se não, coloca a velocidade no delay
0021   00F2           00108                         MOVWF   DELAY3
                      00109 
0022   2826           00110 MDELAY          GOTO    DELAY                   ;enquanto delay3 não for 0, continua neste loop
0023   0BF2           00111 RETD            DECFSZ  DELAY3,F
0024   2822           00112                         GOTO    MDELAY
0025   2811           00113                         GOTO    LOOP                    ;Loop principal do programa
                      00114 ;--------------------------------------------------------------------------------
                      00115 
                      00116 ;--------------------------------- Main Delay -----------------------------------
                      00117 ;Executa um número de instruções NxM vezes
0026   3064           00118 DELAY           MOVLW   100
0027   00F1           00119                         MOVWF   DELAY2
0028   3064           00120 RESET1          MOVLW   100
0029   00F0           00121                         MOVWF   DELAY1
002A   0BF0           00122 DEC1            DECFSZ  DELAY1,F                ;Loop iterno executado N vezes
002B   282A           00123                         GOTO    DEC1
002C   0BF1           00124                         DECFSZ  DELAY2,F                ;Decrementa um e volta no loop anterior executan
                            do NxM vezes
002D   2828           00125                         GOTO    RESET1
002E   2823           00126                         GOTO    RETD                    ;Retorna pra função principal
                      00127 ;--------------------------------------------------------------------------------
                      00128 
                      00129 ;--------------------------------- Rotate Left ----------------------------------
002F   0D86           00130 ROTATEL         RLF             PORTB, 1
0030   1803           00131                         BTFSC   STATUS,0
0031   1406           00132                         BSF     PORTB,0
0032   1003           00133                         BCF             STATUS,0
0033   281C           00134                         GOTO    IFSPD1
                      00135 ;--------------------------------------------------------------------------------
                      00136 
                      00137 ;-------------------------------- Rotate Right ----------------------------------
0034   0C86           00138 ROTATER         RRF             PORTB, 1
0035   1803           00139                         BTFSC   STATUS,0
0036   1786           00140                         BSF     PORTB,7
0037   1003           00141                         BCF             STATUS,0
MPASM  5.41                 RAFAELALEVATO.ASM   8-28-2017  18:31:36         PAGE  4


LOC  OBJECT CODE     LINE SOURCE TEXT
  VALUE

0038   281C           00142                         GOTO    IFSPD1
                      00143 ;--------------------------------------------------------------------------------
                      00144 
                      00145 ;------------------------------- Decrement Speed --------------------------------
                      00146 ;Decrementa a velocidade
                      00147 ;Depois testa se velocidade é zero, se for, coloca 1 em velocidade
Message[305]: Using default destination of 1 (file).
0039   0BF3           00148 DECSPD          DECFSZ  SPEED
003A   281E           00149                         GOTO    IFSPD2
003B   3001           00150                         MOVLW   1
003C   00F3           00151                         MOVWF   SPEED
003D   281E           00152                         GOTO    IFSPD2
                      00153 ;--------------------------------------------------------------------------------
                      00154 
                      00155 ;------------------------------- Increment Speed --------------------------------
                      00156 ;Incrementa a velocidade
                      00157 ;Depois testa se velocidade é zero, se for, coloca 255 em velocidade
Message[305]: Using default destination of 1 (file).
003E   0FF3           00158 INCSPD          INCFSZ  SPEED
003F   2820           00159                         GOTO    SETSPD
0040   30FF           00160                         MOVLW   0xFF
0041   00F3           00161                         MOVWF   SPEED
0042   2820           00162                         GOTO    SETSPD
                      00163 ;--------------------------------------------------------------------------------
                      00164 
                      00165 ;--------------------------------- KEY4 Press -----------------------------------
                      00166 ;Se pressionou KEY4, espera sotlar o botão e complementa o bit de direção
0043   1E05           00167 KEY4PRESS       BTFSS   KEY4
0044   2843           00168                         GOTO    KEY4PRESS
0045   1874           00169                         BTFSC   DIRECTION,0
0046   2848           00170                         GOTO    SETDIR0
0047   284A           00171                         GOTO    SETDIR1
0048   1074           00172 SETDIR0         BCF             DIRECTION,0
0049   2813           00173                         GOTO    IFROT
004A   1474           00174 SETDIR1         BSF     DIRECTION,0
004B   2813           00175                         GOTO    IFROT
                      00176 ;--------------------------------------------------------------------------------
                      00177                         END
MPASM  5.41                 RAFAELALEVATO.ASM   8-28-2017  18:31:36         PAGE  5


SYMBOL TABLE
  LABEL                             VALUE 

ADDEN                             00000003
ADEN                              00000003
BANK0                             
BANK1                             
BANK2                             
BANK3                             
BRGH                              00000002
C                                 00000000
C1INV                             00000004
C1OUT                             00000006
C2INV                             00000005
C2OUT                             00000007
CCP1CON                           00000017
CCP1IE                            00000002
CCP1IF                            00000002
CCP1M0                            00000000
CCP1M1                            00000001
CCP1M2                            00000002
CCP1M3                            00000003
CCP1X                             00000005
CCP1Y                             00000004
CCPR1                             00000015
CCPR1H                            00000016
CCPR1L                            00000015
CIS                               00000003
CM0                               00000000
CM1                               00000001
CM2                               00000002
CMCON                             0000001F
CMIE                              00000006
CMIF                              00000006
CREN                              00000004
CSRC                              00000007
DATA_CP_OFF                       00003FFF
DATA_CP_ON                        00003EFF
DC                                00000001
DEC1                              0000002A
DECSPD                            00000039
DELAY                             00000026
DELAY1                            00000070
DELAY2                            00000071
DELAY3                            00000072
DIRECTION                         00000074
EEADR                             0000009B
EECON1                            0000009C
EECON2                            0000009D
EEDATA                            0000009A
EEIE                              00000007
EEIF                              00000007
F                                 00000001
FERR                              00000002
FSR                               00000004
GIE                               00000007
MPASM  5.41                 RAFAELALEVATO.ASM   8-28-2017  18:31:36         PAGE  6


SYMBOL TABLE
  LABEL                             VALUE 

IFROT                             00000013
IFSPD1                            0000001C
IFSPD2                            0000001E
INCSPD                            0000003E
INDF                              00000000
INITCONFIG                        00000001
INTCON                            0000000B
INTE                              00000004
INTEDG                            00000006
INTF                              00000001
IRP                               00000007
KEY1                              PORTA,1
KEY2                              PORTA,2
KEY3                              PORTA,3
KEY4                              PORTA,4
KEY4PRESS                         00000043
LOOP                              00000011
MDELAY                            00000022
NOT_BO                            00000000
NOT_BOD                           00000000
NOT_BOR                           00000000
NOT_PD                            00000003
NOT_POR                           00000001
NOT_RBPU                          00000007
NOT_T1SYNC                        00000002
NOT_TO                            00000004
OERR                              00000001
OPTION_REG                        00000081
OSCF                              00000003
PCL                               00000002
PCLATH                            0000000A
PCON                              0000008E
PEIE                              00000006
PIE1                              0000008C
PIR1                              0000000C
PORTA                             00000005
PORTB                             00000006
PR2                               00000092
PS0                               00000000
PS1                               00000001
PS2                               00000002
PSA                               00000003
RA0                               00000000
RA1                               00000001
RA2                               00000002
RA3                               00000003
RA4                               00000004
RA5                               00000005
RA6                               00000006
RA7                               00000007
RB0                               00000000
RB1                               00000001
RB2                               00000002
MPASM  5.41                 RAFAELALEVATO.ASM   8-28-2017  18:31:36         PAGE  7


SYMBOL TABLE
  LABEL                             VALUE 

RB3                               00000003
RB4                               00000004
RB5                               00000005
RB6                               00000006
RB7                               00000007
RBIE                              00000003
RBIF                              00000000
RCIE                              00000005
RCIF                              00000005
RCREG                             0000001A
RCSTA                             00000018
RD                                00000000
RESET1                            00000028
RETD                              00000023
ROTATEL                           0000002F
ROTATER                           00000034
RP0                               00000005
RP1                               00000006
RX9                               00000006
RX9D                              00000000
SETDIR0                           00000048
SETDIR1                           0000004A
SETSPD                            00000020
SPBRG                             00000099
SPEED                             00000073
SPEN                              00000007
SREN                              00000005
STATUS                            00000003
STDLEFT                           00000016
STDRIGHT                          00000019
SYNC                              00000004
T0CS                              00000005
T0IE                              00000005
T0IF                              00000002
T0SE                              00000004
T1CKPS0                           00000004
T1CKPS1                           00000005
T1CON                             00000010
T1OSCEN                           00000003
T2CKPS0                           00000000
T2CKPS1                           00000001
T2CON                             00000012
TMR0                              00000001
TMR0IE                            00000005
TMR0IF                            00000002
TMR1CS                            00000001
TMR1H                             0000000F
TMR1IE                            00000000
TMR1IF                            00000000
TMR1L                             0000000E
TMR1ON                            00000000
TMR2                              00000011
TMR2IE                            00000001
MPASM  5.41                 RAFAELALEVATO.ASM   8-28-2017  18:31:36         PAGE  8


SYMBOL TABLE
  LABEL                             VALUE 

TMR2IF                            00000001
TMR2ON                            00000002
TOUTPS0                           00000003
TOUTPS1                           00000004
TOUTPS2                           00000005
TOUTPS3                           00000006
TRISA                             00000085
TRISA0                            00000000
TRISA1                            00000001
TRISA2                            00000002
TRISA3                            00000003
TRISA4                            00000004
TRISA5                            00000005
TRISA6                            00000006
TRISA7                            00000007
TRISB                             00000086
TRISB0                            00000000
TRISB1                            00000001
TRISB2                            00000002
TRISB3                            00000003
TRISB4                            00000004
TRISB5                            00000005
TRISB6                            00000006
TRISB7                            00000007
TRMT                              00000001
TX9                               00000006
TX9D                              00000000
TXEN                              00000005
TXIE                              00000004
TXIF                              00000004
TXREG                             00000019
TXSTA                             00000098
VR0                               00000000
VR1                               00000001
VR2                               00000002
VR3                               00000003
VRCON                             0000009F
VREN                              00000007
VROE                              00000006
VRR                               00000005
W                                 00000000
WR                                00000001
WREN                              00000002
WRERR                             00000003
Z                                 00000002
_BODEN_OFF                        00003FBF
_BODEN_ON                         00003FFF
_BOREN_OFF                        00003FBF
_BOREN_ON                         00003FFF
_CONFIG                           00002007
_CP_OFF                           00003FFF
_CP_ON                            00001FFF
_DEVID1                           00002006
MPASM  5.41                 RAFAELALEVATO.ASM   8-28-2017  18:31:36         PAGE  9


SYMBOL TABLE
  LABEL                             VALUE 

_ER_OSC_CLKOUT                    00003FFF
_ER_OSC_NOCLKOUT                  00003FFE
_EXTCLK_OSC                       00003FEF
_HS_OSC                           00003FEE
_IDLOC0                           00002000
_IDLOC1                           00002001
_IDLOC2                           00002002
_IDLOC3                           00002003
_INTOSC_OSC_CLKOUT                00003FFD
_INTOSC_OSC_NOCLKOUT              00003FFC
_INTRC_OSC_CLKOUT                 00003FFD
_INTRC_OSC_NOCLKOUT               00003FFC
_LP_OSC                           00003FEC
_LVP_OFF                          00003F7F
_LVP_ON                           00003FFF
_MCLRE_OFF                        00003FDF
_MCLRE_ON                         00003FFF
_PWRTE_OFF                        00003FFF
_PWRTE_ON                         00003FF7
_RC_OSC_CLKOUT                    00003FFF
_RC_OSC_NOCLKOUT                  00003FFE
_WDT_OFF                          00003FFB
_WDT_ON                           00003FFF
_XT_OSC                           00003FED
__16F628A                         00000001
__DEBUG                           1


MEMORY USAGE MAP ('X' = Used,  '-' = Unused)

0000 : XXXXXXXXXXXXXXXX XXXXXXXXXXXXXXXX XXXXXXXXXXXXXXXX XXXXXXXXXXXXXXXX
0040 : XXXXXXXXXXXX---- ---------------- ---------------- ----------------
2000 : -------X-------- ---------------- ---------------- ----------------

All other memory blocks unused.

Program Memory Words Used:    76
Program Memory Words Free:  1972


Errors   :     0
Warnings :     0 reported,     0 suppressed
Messages :     5 reported,     0 suppressed

